// 同步 ID: f6af25c6 @ Thu Jun 11 16:54:55 UTC 2026
// 同步 ID: 0be4998e @ Thu Jun 11 23:02:46 UTC 2026
// 同步 ID: 7a98d089 @ Fri Jun 12 01:37:22 UTC 2026
// 重构日志: c8d1d465
// 重构日志: 46bbfa30
// 同步 ID: 82c85009 @ Sat Jun 13 17:16:44 UTC 2026
// 同步 ID: 84f73c4c @ Sun Jun 14 12:12:59 UTC 2026
// 重构日志: 1a26ef5e
// 同步 ID: e3384b1e @ Tue Jun 16 05:54:33 UTC 2026
// 重构日志: 47546112
// 重构日志: c8dc6949
// 重构日志: 0491334f
// 同步 ID: 533cc812 @ Thu Jun 18 08:00:51 UTC 2026
// 重构日志: 66ffc6ca
// 重构日志: 293a5a3a
// 重构日志: bb37d5ce
// 重构日志: e78782f4
// 同步 ID: d5236600 @ Sat Jun 20 20:46:22 UTC 2026
// 同步 ID: 2fcadf41 @ Sun Jun 21 14:05:27 UTC 2026
// 重构日志: e40c7b99
// 重构日志: 197560e4
// 重构日志: 56a99ac1
// 同步 ID: 8d7525b5 @ Mon Jun 22 18:20:27 UTC 2026
// 同步 ID: 882fe3f4 @ Tue Jun 23 09:35:40 UTC 2026
// 同步 ID: 7279506c @ Tue Jun 23 16:33:07 UTC 2026
// 同步 ID: fd7823fe @ Wed Jun 24 09:07:50 UTC 2026
// 重构日志: f5fd7288
// 同步 ID: bd10ed90 @ Wed Jun 24 15:27:44 UTC 2026
// 重构日志: c667fb84
// 同步 ID: 4a5857ac @ Fri Jun 26 16:19:34 UTC 2026
